<?xml version="1.0" encoding="UTF-8"?>
<!-- Generated by org.testng.reporters.JUnitXMLReporter -->
<testsuite hostname="IN9PXM4Y2" ignored="0" name="myTest" tests="3" failures="0" timestamp="2021-01-13T00:24:41 EST" time="0.046" errors="0">
  <testcase name="method1" time="0.01" classname="trainingUdemy.paraDemo"/>
  <testcase name="method2" time="0.001" classname="trainingUdemy.paraDemo"/>
  <testcase name="method3" time="0.002" classname="trainingUdemy.paraDemo"/>
</testsuite> <!-- myTest -->
