<?xml version="1.0" encoding="UTF-8"?>
<!-- Generated by org.testng.reporters.JUnitXMLReporter -->
<testsuite ignored="5" hostname="IN9PXM4Y2" failures="0" tests="4" name="Test" time="0.043" errors="0" timestamp="2020-03-27T11:22:31 EDT">
  <testcase classname="trainingUdemy.TestNgDemo" name="homeLoanWeb" time="0.004"/>
  <testcase classname="trainingUdemy.TestNgDemo2" name="carLoanMob" time="0.002"/>
  <testcase classname="trainingUdemy.TestNgDemo2" name="homeLoanMob" time="0.002"/>
  <testcase classname="trainingUdemy.TestNgDemo2" name="medicalLoanMob" time="0.002"/>
  <testcase classname="trainingUdemy.TestNgDemo" name="carLoanWeb" time="0.0">
    <ignored/>
  </testcase> <!-- carLoanWeb -->
  <testcase classname="trainingUdemy.TestNgDemo2" name="insuranceMob" time="0.0">
    <ignored/>
  </testcase> <!-- insuranceMob -->
  <testcase classname="trainingUdemy.TestNgDemo2" name="insuranceHome" time="0.0">
    <ignored/>
  </testcase> <!-- insuranceHome -->
  <testcase classname="trainingUdemy.TestNgDemo" name="medicalLoanWeb" time="0.0">
    <ignored/>
  </testcase> <!-- medicalLoanWeb -->
  <testcase classname="trainingUdemy.TestNgDemo2" name="insuranceCar" time="0.0">
    <ignored/>
  </testcase> <!-- insuranceCar -->
</testsuite> <!-- Test -->
