<?xml version="1.0" encoding="UTF-8"?>
<!-- Generated by org.testng.reporters.JUnitXMLReporter -->
<testsuite hostname="IN9PXM4Y2" ignored="6" name="Test10" tests="3" failures="0" timestamp="2021-01-13T00:24:52 EST" time="0.045" errors="0">
  <testcase name="carLoanWeb" time="0.006" classname="trainingUdemy.TestNgDemo"/>
  <testcase name="homeLoanMob" time="0.002" classname="trainingUdemy.TestNgDemo2"/>
  <testcase name="insuranceMob" time="0.001" classname="trainingUdemy.TestNgDemo2"/>
  <testcase name="insuranceHome" time="0.0" classname="trainingUdemy.TestNgDemo2">
    <ignored/>
  </testcase> <!-- insuranceHome -->
  <testcase name="medicalLoanWeb" time="0.0" classname="trainingUdemy.TestNgDemo">
    <ignored/>
  </testcase> <!-- medicalLoanWeb -->
  <testcase name="medicalLoanMob" time="0.0" classname="trainingUdemy.TestNgDemo2">
    <ignored/>
  </testcase> <!-- medicalLoanMob -->
  <testcase name="homeLoanWeb" time="0.0" classname="trainingUdemy.TestNgDemo">
    <ignored/>
  </testcase> <!-- homeLoanWeb -->
  <testcase name="carLoanMob" time="0.0" classname="trainingUdemy.TestNgDemo2">
    <ignored/>
  </testcase> <!-- carLoanMob -->
  <testcase name="insuranceCar" time="0.0" classname="trainingUdemy.TestNgDemo2">
    <ignored/>
  </testcase> <!-- insuranceCar -->
</testsuite> <!-- Test10 -->
